# JRE version: Java(TM) SE Runtime Environment 18.9 (11.0.18+9) (build 11.0.18+9-LTS-195)
# Java VM: Java HotSpot(TM) 64-Bit Server VM 18.9 (11.0.18+9-LTS-195, mixed mode, tiered, compressed oops, g1 gc, windows-amd64)
Heap:
 garbage-first heap   total 210944K, used 80249K [0x0000000091800000, 0x0000000100000000)
  region size 1024K, 7 young (7168K), 7 survivors (7168K)
 Metaspace       used 103155K, capacity 111776K, committed 111828K, reserved 1140736K
  class space    used 16342K, capacity 20948K, committed 20948K, reserved 1048576K
GC Heap History (10 events):
Event: 6.776 GC heap after
{Heap after GC invocations=12 (full 0):
 garbage-first heap   total 145408K, used 43606K [0x0000000091800000, 0x0000000100000000)
  region size 1024K, 8 young (8192K), 8 survivors (8192K)
 Metaspace       used 82387K, capacity 88506K, committed 88788K, reserved 1122304K
  class space    used 12958K, capacity 16281K, committed 16340K, reserved 1048576K
}
Event: 8.116 GC heap before
{Heap before GC invocations=13 (full 0):
 garbage-first heap   total 145408K, used 113238K [0x0000000091800000, 0x0000000100000000)
  region size 1024K, 71 young (72704K), 8 survivors (8192K)
 Metaspace       used 87267K, capacity 93941K, committed 94164K, reserved 1126400K
  class space    used 13724K, capacity 17307K, committed 17364K, reserved 1048576K
}
Event: 8.129 GC heap after
{Heap after GC invocations=14 (full 0):
 garbage-first heap   total 175104K, used 33017K [0x0000000091800000, 0x0000000100000000)
  region size 1024K, 5 young (5120K), 5 survivors (5120K)
 Metaspace       used 87267K, capacity 93941K, committed 94164K, reserved 1126400K
  class space    used 13724K, capacity 17307K, committed 17364K, reserved 1048576K
}
Event: 9.513 GC heap before
{Heap before GC invocations=14 (full 0):
 garbage-first heap   total 175104K, used 118009K [0x0000000091800000, 0x0000000100000000)
  region size 1024K, 87 young (89088K), 5 survivors (5120K)
 Metaspace       used 90953K, capacity 98027K, committed 98260K, reserved 1130496K
  class space    used 14224K, capacity 18008K, committed 18132K, reserved 1048576K
}
Event: 9.530 GC heap after
{Heap after GC invocations=15 (full 0):
 garbage-first heap   total 175104K, used 49530K [0x0000000091800000, 0x0000000100000000)
  region size 1024K, 11 young (11264K), 11 survivors (11264K)
 Metaspace       used 90953K, capacity 98027K, committed 98260K, reserved 1130496K
  class space    used 14224K, capacity 18008K, committed 18132K, reserved 1048576K
}
Event: 11.756 GC heap before
{Heap before GC invocations=15 (full 0):
 garbage-first heap   total 175104K, used 128378K [0x0000000091800000, 0x0000000100000000)
  region size 1024K, 86 young (88064K), 11 survivors (11264K)
 Metaspace       used 99347K, capacity 107468K, committed 107604K, reserved 1136640K
  class space    used 15615K, capacity 19928K, committed 20052K, reserved 1048576K
}
Event: 11.784 GC heap after
{Heap after GC invocations=16 (full 0):
 garbage-first heap   total 175104K, used 63410K [0x0000000091800000, 0x0000000100000000)
  region size 1024K, 11 young (11264K), 11 survivors (11264K)
 Metaspace       used 99347K, capacity 107468K, committed 107604K, reserved 1136640K
  class space    used 15615K, capacity 19928K, committed 20052K, reserved 1048576K
}
Event: 12.522 GC heap before
{Heap before GC invocations=16 (full 0):
 garbage-first heap   total 175104K, used 129970K [0x0000000091800000, 0x0000000100000000)
  region size 1024K, 73 young (74752K), 11 survivors (11264K)
 Metaspace       used 102230K, capacity 110837K, committed 110932K, reserved 1138688K
  class space    used 16217K, capacity 20789K, committed 20820K, reserved 1048576K
}
Event: 12.539 GC heap after
{Heap after GC invocations=17 (full 0):
 garbage-first heap   total 175104K, used 73501K [0x0000000091800000, 0x0000000100000000)
  region size 1024K, 9 young (9216K), 9 survivors (9216K)
 Metaspace       used 102230K, capacity 110837K, committed 110932K, reserved 1138688K
  class space    used 16217K, capacity 20789K, committed 20820K, reserved 1048576K
}
Event: 12.886 GC heap before
{Heap before GC invocations=17 (full 0):
 garbage-first heap   total 175104K, used 128797K [0x0000000091800000, 0x0000000100000000)
  region size 1024K, 64 young (65536K), 9 survivors (9216K)
 Metaspace       used 103155K, capacity 111776K, committed 111828K, reserved 1140736K
  class space    used 16342K, capacity 20948K, committed 20948K, reserved 1048576K
}

