# JRE version: Java(TM) SE Runtime Environment 18.9 (11.0.18+9) (build 11.0.18+9-LTS-195)
# Java VM: Java HotSpot(TM) 64-Bit Server VM 18.9 (11.0.18+9-LTS-195, mixed mode, tiered, compressed oops, g1 gc, windows-amd64)
Heap:
 garbage-first heap   total 138240K, used 66431K [0x0000000091800000, 0x0000000100000000)
  region size 1024K, 23 young (23552K), 8 survivors (8192K)
 Metaspace       used 93966K, capacity 101396K, committed 101580K, reserved 1136640K
  class space    used 14698K, capacity 18655K, committed 18688K, reserved 1048576K
GC Heap History (10 events):
Event: 5.788 GC heap before
{Heap before GC invocations=11 (full 0):
 garbage-first heap   total 138240K, used 67669K [0x0000000091800000, 0x0000000100000000)
  region size 1024K, 11 young (11264K), 4 survivors (4096K)
 Metaspace       used 76895K, capacity 82519K, committed 82636K, reserved 1116160K
  class space    used 12021K, capacity 15053K, committed 15104K, reserved 1048576K
}
Event: 5.794 GC heap after
{Heap after GC invocations=12 (full 0):
 garbage-first heap   total 138240K, used 43308K [0x0000000091800000, 0x0000000100000000)
  region size 1024K, 4 young (4096K), 4 survivors (4096K)
 Metaspace       used 76895K, capacity 82519K, committed 82636K, reserved 1116160K
  class space    used 12021K, capacity 15053K, committed 15104K, reserved 1048576K
}
Event: 8.168 GC heap before
{Heap before GC invocations=13 (full 0):
 garbage-first heap   total 138240K, used 103724K [0x0000000091800000, 0x0000000100000000)
  region size 1024K, 57 young (58368K), 4 survivors (4096K)
 Metaspace       used 81705K, capacity 87747K, committed 88012K, reserved 1122304K
  class space    used 12797K, capacity 16056K, committed 16128K, reserved 1048576K
}
Event: 8.176 GC heap after
{Heap after GC invocations=14 (full 0):
 garbage-first heap   total 138240K, used 30812K [0x0000000091800000, 0x0000000100000000)
  region size 1024K, 7 young (7168K), 7 survivors (7168K)
 Metaspace       used 81705K, capacity 87747K, committed 88012K, reserved 1122304K
  class space    used 12797K, capacity 16056K, committed 16128K, reserved 1048576K
}
Event: 9.212 GC heap before
{Heap before GC invocations=14 (full 0):
 garbage-first heap   total 138240K, used 82012K [0x0000000091800000, 0x0000000100000000)
  region size 1024K, 22 young (22528K), 7 survivors (7168K)
 Metaspace       used 81935K, capacity 87987K, committed 88268K, reserved 1122304K
  class space    used 12836K, capacity 16101K, committed 16128K, reserved 1048576K
}
Event: 9.221 GC heap after
{Heap after GC invocations=15 (full 0):
 garbage-first heap   total 138240K, used 31339K [0x0000000091800000, 0x0000000100000000)
  region size 1024K, 6 young (6144K), 6 survivors (6144K)
 Metaspace       used 81935K, capacity 87987K, committed 88268K, reserved 1122304K
  class space    used 12836K, capacity 16101K, committed 16128K, reserved 1048576K
}
Event: 10.210 GC heap before
{Heap before GC invocations=16 (full 0):
 garbage-first heap   total 138240K, used 83563K [0x0000000091800000, 0x0000000100000000)
  region size 1024K, 54 young (55296K), 6 survivors (6144K)
 Metaspace       used 84995K, capacity 91246K, committed 91468K, reserved 1124352K
  class space    used 13328K, capacity 16724K, committed 16768K, reserved 1048576K
}
Event: 10.218 GC heap after
{Heap after GC invocations=17 (full 0):
 garbage-first heap   total 138240K, used 33656K [0x0000000091800000, 0x0000000100000000)
  region size 1024K, 5 young (5120K), 5 survivors (5120K)
 Metaspace       used 84995K, capacity 91246K, committed 91468K, reserved 1124352K
  class space    used 13328K, capacity 16724K, committed 16768K, reserved 1048576K
}
Event: 10.811 GC heap before
{Heap before GC invocations=17 (full 0):
 garbage-first heap   total 138240K, used 84856K [0x0000000091800000, 0x0000000100000000)
  region size 1024K, 56 young (57344K), 5 survivors (5120K)
 Metaspace       used 88043K, capacity 94862K, committed 95052K, reserved 1126400K
  class space    used 13859K, capacity 17501K, committed 17536K, reserved 1048576K
}
Event: 10.816 GC heap after
{Heap after GC invocations=18 (full 0):
 garbage-first heap   total 138240K, used 34521K [0x0000000091800000, 0x0000000100000000)
  region size 1024K, 2 young (2048K), 2 survivors (2048K)
 Metaspace       used 88043K, capacity 94862K, committed 95052K, reserved 1126400K
  class space    used 13859K, capacity 17501K, committed 17536K, reserved 1048576K
}

